This is pdfTeX, Version 3.1415926-2.5-1.40.14 (TeX Live 2013/Debian) (format=pdflatex 2015.11.4)  9 JUN 2016 20:27
entering extended mode
 restricted \write18 enabled.
 %&-line parsing enabled.
**CS463_Group03_Final_Report.tex
(./CS463_Group03_Final_Report.tex
LaTeX2e <2011/06/27>
Babel <3.9h> and hyphenation patterns for 78 languages loaded.
(./IEEEtran.cls
Document Class: IEEEtran 2015/08/26 V1.8b by Michael Shell
-- See the "IEEEtran_HOWTO" manual for usage information.
-- http://www.michaelshell.org/tex/ieeetran/
\@IEEEtrantmpdimenA=\dimen102
\@IEEEtrantmpdimenB=\dimen103
\@IEEEtrantmpdimenC=\dimen104
\@IEEEtrantmpcountA=\count79
\@IEEEtrantmpcountB=\count80
\@IEEEtrantmpcountC=\count81
\@IEEEtrantmptoksA=\toks14
LaTeX Font Info:    Try loading font information for OT1+ptm on input line 503.

(/usr/share/texlive/texmf-dist/tex/latex/psnfss/ot1ptm.fd
File: ot1ptm.fd 2001/06/04 font definitions for OT1/ptm.
)
** ATTENTION: Single column mode is not typically used with IEEE publications.
-- Using 8.5in x 11in (letter) paper.
-- Using PDF output.
\@IEEEnormalsizeunitybaselineskip=\dimen105
-- This is a 10 point document.
\CLASSINFOnormalsizebaselineskip=\dimen106
\CLASSINFOnormalsizeunitybaselineskip=\dimen107
\IEEEnormaljot=\dimen108
LaTeX Font Info:    Font shape `OT1/ptm/bx/n' in size <5> not available
(Font)              Font shape `OT1/ptm/b/n' tried instead on input line 1090.
LaTeX Font Info:    Font shape `OT1/ptm/bx/it' in size <5> not available
(Font)              Font shape `OT1/ptm/b/it' tried instead on input line 1090.

LaTeX Font Info:    Font shape `OT1/ptm/bx/n' in size <7> not available
(Font)              Font shape `OT1/ptm/b/n' tried instead on input line 1090.
LaTeX Font Info:    Font shape `OT1/ptm/bx/it' in size <7> not available
(Font)              Font shape `OT1/ptm/b/it' tried instead on input line 1090.

LaTeX Font Info:    Font shape `OT1/ptm/bx/n' in size <8> not available
(Font)              Font shape `OT1/ptm/b/n' tried instead on input line 1090.
LaTeX Font Info:    Font shape `OT1/ptm/bx/it' in size <8> not available
(Font)              Font shape `OT1/ptm/b/it' tried instead on input line 1090.

LaTeX Font Info:    Font shape `OT1/ptm/bx/n' in size <9> not available
(Font)              Font shape `OT1/ptm/b/n' tried instead on input line 1090.
LaTeX Font Info:    Font shape `OT1/ptm/bx/it' in size <9> not available
(Font)              Font shape `OT1/ptm/b/it' tried instead on input line 1090.

LaTeX Font Info:    Font shape `OT1/ptm/bx/n' in size <10> not available
(Font)              Font shape `OT1/ptm/b/n' tried instead on input line 1090.
LaTeX Font Info:    Font shape `OT1/ptm/bx/it' in size <10> not available
(Font)              Font shape `OT1/ptm/b/it' tried instead on input line 1090.

LaTeX Font Info:    Font shape `OT1/ptm/bx/n' in size <11> not available
(Font)              Font shape `OT1/ptm/b/n' tried instead on input line 1090.
LaTeX Font Info:    Font shape `OT1/ptm/bx/it' in size <11> not available
(Font)              Font shape `OT1/ptm/b/it' tried instead on input line 1090.

LaTeX Font Info:    Font shape `OT1/ptm/bx/n' in size <12> not available
(Font)              Font shape `OT1/ptm/b/n' tried instead on input line 1090.
LaTeX Font Info:    Font shape `OT1/ptm/bx/it' in size <12> not available
(Font)              Font shape `OT1/ptm/b/it' tried instead on input line 1090.

LaTeX Font Info:    Font shape `OT1/ptm/bx/n' in size <17> not available
(Font)              Font shape `OT1/ptm/b/n' tried instead on input line 1090.
LaTeX Font Info:    Font shape `OT1/ptm/bx/it' in size <17> not available
(Font)              Font shape `OT1/ptm/b/it' tried instead on input line 1090.

LaTeX Font Info:    Font shape `OT1/ptm/bx/n' in size <20> not available
(Font)              Font shape `OT1/ptm/b/n' tried instead on input line 1090.
LaTeX Font Info:    Font shape `OT1/ptm/bx/it' in size <20> not available
(Font)              Font shape `OT1/ptm/b/it' tried instead on input line 1090.

LaTeX Font Info:    Font shape `OT1/ptm/bx/n' in size <24> not available
(Font)              Font shape `OT1/ptm/b/n' tried instead on input line 1090.
LaTeX Font Info:    Font shape `OT1/ptm/bx/it' in size <24> not available
(Font)              Font shape `OT1/ptm/b/it' tried instead on input line 1090.

\IEEEquantizedlength=\dimen109
\IEEEquantizedlengthdiff=\dimen110
\IEEEquantizedtextheightdiff=\dimen111
\IEEEilabelindentA=\dimen112
\IEEEilabelindentB=\dimen113
\IEEEilabelindent=\dimen114
\IEEEelabelindent=\dimen115
\IEEEdlabelindent=\dimen116
\IEEElabelindent=\dimen117
\IEEEiednormlabelsep=\dimen118
\IEEEiedmathlabelsep=\dimen119
\IEEEiedtopsep=\skip41
\c@section=\count82
\c@subsection=\count83
\c@subsubsection=\count84
\c@paragraph=\count85
\c@IEEEsubequation=\count86
\abovecaptionskip=\skip42
\belowcaptionskip=\skip43
\c@figure=\count87
\c@table=\count88
\@IEEEeqnnumcols=\count89
\@IEEEeqncolcnt=\count90
\@IEEEsubeqnnumrollback=\count91
\@IEEEquantizeheightA=\dimen120
\@IEEEquantizeheightB=\dimen121
\@IEEEquantizeheightC=\dimen122
\@IEEEquantizeprevdepth=\dimen123
\@IEEEquantizemultiple=\count92
\@IEEEquantizeboxA=\box26
\@IEEEtmpitemindent=\dimen124
\IEEEPARstartletwidth=\dimen125
\c@IEEEbiography=\count93
\@IEEEtranrubishbin=\box27
) (/usr/share/texlive/texmf-dist/tex/latex/geometry/geometry.sty
Package: geometry 2010/09/12 v5.6 Page Geometry

(/usr/share/texlive/texmf-dist/tex/latex/graphics/keyval.sty
Package: keyval 1999/03/16 v1.13 key=value parser (DPC)
\KV@toks@=\toks15
)
(/usr/share/texlive/texmf-dist/tex/generic/oberdiek/ifpdf.sty
Package: ifpdf 2011/01/30 v2.3 Provides the ifpdf switch (HO)
Package ifpdf Info: pdfTeX in PDF mode is detected.
)
(/usr/share/texlive/texmf-dist/tex/generic/oberdiek/ifvtex.sty
Package: ifvtex 2010/03/01 v1.5 Detect VTeX and its facilities (HO)
Package ifvtex Info: VTeX not detected.
)
(/usr/share/texlive/texmf-dist/tex/generic/ifxetex/ifxetex.sty
Package: ifxetex 2010/09/12 v0.6 Provides ifxetex conditional
)
\Gm@cnth=\count94
\Gm@cntv=\count95
\c@Gm@tempcnt=\count96
\Gm@bindingoffset=\dimen126
\Gm@wd@mp=\dimen127
\Gm@odd@mp=\dimen128
\Gm@even@mp=\dimen129
\Gm@layoutwidth=\dimen130
\Gm@layoutheight=\dimen131
\Gm@layouthoffset=\dimen132
\Gm@layoutvoffset=\dimen133
\Gm@dimlist=\toks16
)
(/usr/share/texlive/texmf-dist/tex/latex/tools/longtable.sty
Package: longtable 2004/02/01 v4.11 Multi-page Table package (DPC)
\LTleft=\skip44
\LTright=\skip45
\LTpre=\skip46
\LTpost=\skip47
\LTchunksize=\count97
\LTcapwidth=\dimen134
\LT@head=\box28
\LT@firsthead=\box29
\LT@foot=\box30
\LT@lastfoot=\box31
\LT@cols=\count98
\LT@rows=\count99
\c@LT@tables=\count100
\c@LT@chunks=\count101
\LT@p@ftn=\toks17
)
(/usr/share/texlive/texmf-dist/tex/latex/tabu/tabu.sty
Package: tabu 2011/02/26 v2.8 - flexible LaTeX tabulars (FC)

(/usr/share/texlive/texmf-dist/tex/latex/tools/array.sty
Package: array 2008/09/09 v2.4c Tabular extension package (FMi)
\col@sep=\dimen135
\extrarowheight=\dimen136
\NC@list=\toks18
\extratabsurround=\skip48
\backup@length=\skip49
)
(/usr/share/texlive/texmf-dist/tex/latex/varwidth/varwidth.sty
Package: varwidth 2009/03/30 ver 0.92;  Variable-width minipages
\@vwid@box=\box32
\sift@deathcycles=\count102
\@vwid@loff=\dimen137
\@vwid@roff=\dimen138
)
\c@taburow=\count103
\tabu@nbcols=\count104
\tabu@cnt=\count105
\tabu@Xcol=\count106
\tabu@alloc=\count107
\tabu@nested=\count108
\tabu@target=\dimen139
\tabu@spreadtarget=\dimen140
\tabu@naturalX=\dimen141
\tabucolX=\dimen142
\tabu@Xsum=\dimen143
\extrarowdepth=\dimen144
\abovetabulinesep=\dimen145
\belowtabulinesep=\dimen146
\tabustrutrule=\dimen147
\tabu@thebody=\toks19
\tabu@footnotes=\toks20
\tabu@box=\box33
\tabu@arstrutbox=\box34
\tabu@hleads=\box35
\tabu@vleads=\box36
\tabu@cellskip=\skip50
)
(/usr/share/texlive/texmf-dist/tex/latex/graphics/graphicx.sty
Package: graphicx 1999/02/16 v1.0f Enhanced LaTeX Graphics (DPC,SPQR)

(/usr/share/texlive/texmf-dist/tex/latex/graphics/graphics.sty
Package: graphics 2009/02/05 v1.0o Standard LaTeX Graphics (DPC,SPQR)

(/usr/share/texlive/texmf-dist/tex/latex/graphics/trig.sty
Package: trig 1999/03/16 v1.09 sin cos tan (DPC)
)
(/usr/share/texlive/texmf-dist/tex/latex/latexconfig/graphics.cfg
File: graphics.cfg 2010/04/23 v1.9 graphics configuration of TeX Live
)
Package graphics Info: Driver file: pdftex.def on input line 91.

(/usr/share/texlive/texmf-dist/tex/latex/pdftex-def/pdftex.def
File: pdftex.def 2011/05/27 v0.06d Graphics/color for pdfTeX

(/usr/share/texlive/texmf-dist/tex/generic/oberdiek/infwarerr.sty
Package: infwarerr 2010/04/08 v1.3 Providing info/warning/error messages (HO)
)
(/usr/share/texlive/texmf-dist/tex/generic/oberdiek/ltxcmds.sty
Package: ltxcmds 2011/11/09 v1.22 LaTeX kernel commands for general use (HO)
)
\Gread@gobject=\count109
))
\Gin@req@height=\dimen148
\Gin@req@width=\dimen149
)
(/usr/share/texlive/texmf-dist/tex/latex/caption/caption.sty
Package: caption 2013/05/02 v3.3-89 Customizing captions (AR)

(/usr/share/texlive/texmf-dist/tex/latex/caption/caption3.sty
Package: caption3 2013/05/02 v1.6-88 caption3 kernel (AR)
Package caption3 Info: TeX engine: e-TeX on input line 57.
\captionmargin=\dimen150
\captionmargin@=\dimen151
\captionwidth=\dimen152
\caption@tempdima=\dimen153
\caption@indent=\dimen154
\caption@parindent=\dimen155
\caption@hangindent=\dimen156
Package caption Info: Unknown document class (or package),
(caption)             standard defaults will be used.
)

Package caption Warning: Unsupported document class (or package) detected,
(caption)                usage of the caption package is not recommended.
See the caption package documentation for explanation.

Package caption Info: \@makecaption = \long macro:#1#2->\ifx \@captype \@IEEEta
blestring \footnotesize \bgroup \par \centering \@IEEEtabletopskipstrut {\norma
lfont \footnotesize #1}\\{\normalfont \footnotesize \scshape #2}\par \addvspace
 {0.5\baselineskip }\egroup \@IEEEtablecaptionsepspace \else \@IEEEfigurecaptio
nsepspace \setbox \@tempboxa \hbox {\normalfont \footnotesize {#1.}\nobreakspac
e \nobreakspace #2}\ifdim \wd \@tempboxa >\hsize \setbox \@tempboxa \hbox {\nor
malfont \footnotesize {#1.}\nobreakspace \nobreakspace }\parbox [t]{\hsize }{\n
ormalfont \footnotesize \noindent \unhbox \@tempboxa #2}\else \ifCLASSOPTIONcon
ference \hbox to\hsize {\normalfont \footnotesize \hfil \box \@tempboxa \hfil }
\else \hbox to\hsize {\normalfont \footnotesize \box \@tempboxa \hfil }\fi \fi 
\fi .
\c@ContinuedFloat=\count110
Package caption Info: longtable package is loaded.
(/usr/share/texlive/texmf-dist/tex/latex/caption/ltcaption.sty
Package: ltcaption 2013/02/03 v1.3-62 longtable captions (AR)
))
(/usr/share/texlive/texmf-dist/tex/latex/pdfpages/pdfpages.sty
Package: pdfpages 2013/08/25 v0.4v Insert pages of external PDF documents (AM)

(/usr/share/texlive/texmf-dist/tex/latex/base/ifthen.sty
Package: ifthen 2001/05/26 v1.1c Standard LaTeX ifthen package (DPC)
)
(/usr/share/texlive/texmf-dist/tex/latex/tools/calc.sty
Package: calc 2007/08/22 v4.3 Infix arithmetic (KKT,FJ)
\calc@Acount=\count111
\calc@Bcount=\count112
\calc@Adimen=\dimen157
\calc@Bdimen=\dimen158
\calc@Askip=\skip51
\calc@Bskip=\skip52
LaTeX Info: Redefining \setlength on input line 76.
LaTeX Info: Redefining \addtolength on input line 77.
\calc@Ccount=\count113
\calc@Cskip=\skip53
)
(/usr/share/texlive/texmf-dist/tex/latex/eso-pic/eso-pic.sty
Package: eso-pic 2013/10/06 v2.0d eso-pic (RN)

(/usr/share/texlive/texmf-dist/tex/generic/oberdiek/atbegshi.sty
Package: atbegshi 2011/10/05 v1.16 At begin shipout hook (HO)
)
(/usr/share/texmf/tex/latex/xcolor/xcolor.sty
Package: xcolor 2007/01/21 v2.11 LaTeX color extensions (UK)

(/usr/share/texlive/texmf-dist/tex/latex/latexconfig/color.cfg
File: color.cfg 2007/01/18 v1.5 color configuration of teTeX/TeXLive
)
Package xcolor Info: Driver file: pdftex.def on input line 225.
Package xcolor Info: Model `cmy' substituted by `cmy0' on input line 1337.
Package xcolor Info: Model `hsb' substituted by `rgb' on input line 1341.
Package xcolor Info: Model `RGB' extended on input line 1353.
Package xcolor Info: Model `HTML' substituted by `rgb' on input line 1355.
Package xcolor Info: Model `Hsb' substituted by `hsb' on input line 1356.
Package xcolor Info: Model `tHsb' substituted by `hsb' on input line 1357.
Package xcolor Info: Model `HSB' substituted by `hsb' on input line 1358.
Package xcolor Info: Model `Gray' substituted by `gray' on input line 1359.
Package xcolor Info: Model `wave' substituted by `hsb' on input line 1360.
))
(/usr/share/texlive/texmf-dist/tex/latex/pdfpages/pppdftex.def
File: pppdftex.def 2013/08/25 v0.4v Pdfpages driver for pdfTeX (AM)
)
\AM@pagebox=\box37
\AM@toc@title=\toks21
\c@AM@survey=\count114
\AM@templatesizebox=\box38
)
(/usr/share/texlive/texmf-dist/tex/latex/listings/listings.sty
\lst@mode=\count115
\lst@gtempboxa=\box39
\lst@token=\toks22
\lst@length=\count116
\lst@currlwidth=\dimen159
\lst@column=\count117
\lst@pos=\count118
\lst@lostspace=\dimen160
\lst@width=\dimen161
\lst@newlines=\count119
\lst@lineno=\count120
\lst@maxwidth=\dimen162

(/usr/share/texlive/texmf-dist/tex/latex/listings/lstmisc.sty
File: lstmisc.sty 2013/08/26 1.5b (Carsten Heinz)
\c@lstnumber=\count121
\lst@skipnumbers=\count122
\lst@framebox=\box40
)
(/usr/share/texlive/texmf-dist/tex/latex/listings/listings.cfg
File: listings.cfg 2013/08/26 1.5b listings configuration
))
Package: listings 2013/08/26 1.5b (Carsten Heinz)

(/usr/share/texlive/texmf-dist/tex/latex/hyperref/hyperref.sty
Package: hyperref 2012/11/06 v6.83m Hypertext links for LaTeX

(/usr/share/texlive/texmf-dist/tex/generic/oberdiek/hobsub-hyperref.sty
Package: hobsub-hyperref 2012/05/28 v1.13 Bundle oberdiek, subset hyperref (HO)


(/usr/share/texlive/texmf-dist/tex/generic/oberdiek/hobsub-generic.sty
Package: hobsub-generic 2012/05/28 v1.13 Bundle oberdiek, subset generic (HO)
Package: hobsub 2012/05/28 v1.13 Construct package bundles (HO)
Package hobsub Info: Skipping package `infwarerr' (already loaded).
Package hobsub Info: Skipping package `ltxcmds' (already loaded).
Package: ifluatex 2010/03/01 v1.3 Provides the ifluatex switch (HO)
Package ifluatex Info: LuaTeX not detected.
Package hobsub Info: Skipping package `ifvtex' (already loaded).
Package: intcalc 2007/09/27 v1.1 Expandable calculations with integers (HO)
Package hobsub Info: Skipping package `ifpdf' (already loaded).
Package: etexcmds 2011/02/16 v1.5 Avoid name clashes with e-TeX commands (HO)
Package etexcmds Info: Could not find \expanded.
(etexcmds)             That can mean that you are not using pdfTeX 1.50 or
(etexcmds)             that some package has redefined \expanded.
(etexcmds)             In the latter case, load this package earlier.
Package: kvsetkeys 2012/04/25 v1.16 Key value parser (HO)
Package: kvdefinekeys 2011/04/07 v1.3 Define keys (HO)
Package: pdftexcmds 2011/11/29 v0.20 Utility functions of pdfTeX for LuaTeX (HO
)
Package pdftexcmds Info: LuaTeX not detected.
Package pdftexcmds Info: \pdf@primitive is available.
Package pdftexcmds Info: \pdf@ifprimitive is available.
Package pdftexcmds Info: \pdfdraftmode found.
Package: pdfescape 2011/11/25 v1.13 Implements pdfTeX's escape features (HO)
Package: bigintcalc 2012/04/08 v1.3 Expandable calculations on big integers (HO
)
Package: bitset 2011/01/30 v1.1 Handle bit-vector datatype (HO)
Package: uniquecounter 2011/01/30 v1.2 Provide unlimited unique counter (HO)
)
Package hobsub Info: Skipping package `hobsub' (already loaded).
Package: letltxmacro 2010/09/02 v1.4 Let assignment for LaTeX macros (HO)
Package: hopatch 2012/05/28 v1.2 Wrapper for package hooks (HO)
Package: xcolor-patch 2011/01/30 xcolor patch
Package: atveryend 2011/06/30 v1.8 Hooks at the very end of document (HO)
Package atveryend Info: \enddocument detected (standard20110627).
Package hobsub Info: Skipping package `atbegshi' (already loaded).
Package: refcount 2011/10/16 v3.4 Data extraction from label references (HO)
Package: hycolor 2011/01/30 v1.7 Color options for hyperref/bookmark (HO)
)
(/usr/share/texlive/texmf-dist/tex/latex/oberdiek/auxhook.sty
Package: auxhook 2011/03/04 v1.3 Hooks for auxiliary files (HO)
)
(/usr/share/texlive/texmf-dist/tex/latex/oberdiek/kvoptions.sty
Package: kvoptions 2011/06/30 v3.11 Key value format for package options (HO)
)
\@linkdim=\dimen163
\Hy@linkcounter=\count123
\Hy@pagecounter=\count124

(/usr/share/texlive/texmf-dist/tex/latex/hyperref/pd1enc.def
File: pd1enc.def 2012/11/06 v6.83m Hyperref: PDFDocEncoding definition (HO)
)
\Hy@SavedSpaceFactor=\count125

(/usr/share/texlive/texmf-dist/tex/latex/latexconfig/hyperref.cfg
File: hyperref.cfg 2002/06/06 v1.2 hyperref configuration of TeXLive
)
Package hyperref Info: Hyper figures OFF on input line 4443.
Package hyperref Info: Link nesting OFF on input line 4448.
Package hyperref Info: Hyper index ON on input line 4451.
Package hyperref Info: Plain pages OFF on input line 4458.
Package hyperref Info: Backreferencing OFF on input line 4463.
Package hyperref Info: Implicit mode ON; LaTeX internals redefined.
Package hyperref Info: Bookmarks ON on input line 4688.
\c@Hy@tempcnt=\count126

(/usr/share/texlive/texmf-dist/tex/latex/url/url.sty
\Urlmuskip=\muskip10
Package: url 2013/09/16  ver 3.4  Verb mode for urls, etc.
)
LaTeX Info: Redefining \url on input line 5041.
\XeTeXLinkMargin=\dimen164
\Fld@menulength=\count127
\Field@Width=\dimen165
\Fld@charsize=\dimen166
Package hyperref Info: Hyper figures OFF on input line 6295.
Package hyperref Info: Link nesting OFF on input line 6300.
Package hyperref Info: Hyper index ON on input line 6303.
Package hyperref Info: backreferencing OFF on input line 6310.
Package hyperref Info: Link coloring OFF on input line 6315.
Package hyperref Info: Link coloring with OCG OFF on input line 6320.
Package hyperref Info: PDF/A mode OFF on input line 6325.
LaTeX Info: Redefining \ref on input line 6365.
LaTeX Info: Redefining \pageref on input line 6369.
\Hy@abspage=\count128
\c@Item=\count129
\c@Hfootnote=\count130
)

Package hyperref Message: Driver (autodetected): hpdftex.

(/usr/share/texlive/texmf-dist/tex/latex/hyperref/hpdftex.def
File: hpdftex.def 2012/11/06 v6.83m Hyperref driver for pdfTeX
\Fld@listcount=\count131
\c@bookmark@seq@number=\count132

(/usr/share/texlive/texmf-dist/tex/latex/oberdiek/rerunfilecheck.sty
Package: rerunfilecheck 2011/04/15 v1.7 Rerun checks for auxiliary files (HO)
Package uniquecounter Info: New unique counter `rerunfilecheck' on input line 2
82.
)
\Hy@SectionHShift=\skip54
)
(./CS463_Group03_Final_Report.aux)
\openout1 = `CS463_Group03_Final_Report.aux'.

LaTeX Font Info:    Checking defaults for OML/cmm/m/it on input line 92.
LaTeX Font Info:    ... okay on input line 92.
LaTeX Font Info:    Checking defaults for T1/cmr/m/n on input line 92.
LaTeX Font Info:    ... okay on input line 92.
LaTeX Font Info:    Checking defaults for OT1/cmr/m/n on input line 92.
LaTeX Font Info:    ... okay on input line 92.
LaTeX Font Info:    Checking defaults for OMS/cmsy/m/n on input line 92.
LaTeX Font Info:    ... okay on input line 92.
LaTeX Font Info:    Checking defaults for OMX/cmex/m/n on input line 92.
LaTeX Font Info:    ... okay on input line 92.
LaTeX Font Info:    Checking defaults for U/cmr/m/n on input line 92.
LaTeX Font Info:    ... okay on input line 92.
LaTeX Font Info:    Checking defaults for PD1/pdf/m/n on input line 92.
LaTeX Font Info:    ... okay on input line 92.

-- Lines per column: 57 (approximate, difference = 2.56499pt).
*geometry* driver: auto-detecting
*geometry* detected driver: pdftex
*geometry* verbose mode - [ preamble ] result:
* driver: pdftex
* paper: letterpaper
* layout: <same size as paper>
* layoutoffset:(h,v)=(0.0pt,0.0pt)
* modes: twoside 
* h-part:(L,W,R)=(54.2025pt, 505.89pt, 54.2025pt)
* v-part:(T,H,B)=(54.2025pt, 686.56499pt, 54.2025pt)
* \paperwidth=614.295pt
* \paperheight=794.96999pt
* \textwidth=505.89pt
* \textheight=686.56499pt
* \oddsidemargin=-18.06749pt
* \evensidemargin=-18.06749pt
* \topmargin=-51.40948pt
* \headheight=12.0pt
* \headsep=21.342pt
* \topskip=12.0pt
* \footskip=25.80774pt
* \marginparwidth=20.0pt
* \marginparsep=10.0pt
* \columnsep=12.0pt
* \skip\footins=10.79993pt plus 4.79993pt minus 2.39996pt
* \hoffset=0.0pt
* \voffset=0.0pt
* \mag=1000
* \@twocolumnfalse
* \@twosidetrue
* \@mparswitchtrue
* \@reversemarginfalse
* (1in=72.27pt=25.4mm, 1cm=28.453pt)

(/usr/share/texlive/texmf-dist/tex/context/base/supp-pdf.mkii
[Loading MPS to PDF converter (version 2006.09.02).]
\scratchcounter=\count133
\scratchdimen=\dimen167
\scratchbox=\box41
\nofMPsegments=\count134
\nofMParguments=\count135
\everyMPshowfont=\toks23
\MPscratchCnt=\count136
\MPscratchDim=\dimen168
\MPnumerator=\count137
\makeMPintoPDFobject=\count138
\everyMPtoPDFconversion=\toks24
) (/usr/share/texlive/texmf-dist/tex/latex/oberdiek/epstopdf-base.sty
Package: epstopdf-base 2010/02/09 v2.5 Base part for package epstopdf

(/usr/share/texlive/texmf-dist/tex/latex/oberdiek/grfext.sty
Package: grfext 2010/08/19 v1.1 Manage graphics extensions (HO)
)
Package grfext Info: Graphics extension search list:
(grfext)             [.JPG,.pdf,.eps]
(grfext)             \AppendGraphicsExtensions on input line 452.

(/usr/share/texlive/texmf-dist/tex/latex/latexconfig/epstopdf-sys.cfg
File: epstopdf-sys.cfg 2010/07/13 v1.3 Configuration of (r)epstopdf for TeX Liv
e
))
Package caption Info: Begin \AtBeginDocument code.
Package caption Info: hyperref package is loaded.
Package caption Info: listings package is loaded.
Package caption Info: End \AtBeginDocument code.
\AtBeginShipoutBox=\box42
\c@lstlisting=\count139
Package hyperref Info: Link coloring OFF on input line 92.

(/usr/share/texlive/texmf-dist/tex/latex/hyperref/nameref.sty
Package: nameref 2012/10/27 v2.43 Cross-referencing by name of section

(/usr/share/texlive/texmf-dist/tex/generic/oberdiek/gettitlestring.sty
Package: gettitlestring 2010/12/03 v1.4 Cleanup title references (HO)
)
\c@section@level=\count140
)
LaTeX Info: Redefining \ref on input line 92.
LaTeX Info: Redefining \pageref on input line 92.
LaTeX Info: Redefining \nameref on input line 92.

(./CS463_Group03_Final_Report.out) (./CS463_Group03_Final_Report.out)
\@outlinefile=\write3
\openout3 = `CS463_Group03_Final_Report.out'.

 [-1{/var/lib/texmf/fonts/map/pdftex/updmap/pdftex.map}]
(./CS463_Group03_Final_Report.toc
LaTeX Font Info:    External font `cmex10' loaded for size
(Font)              <7> on input line 2.
LaTeX Font Info:    External font `cmex10' loaded for size
(Font)              <5> on input line 2.
 [0

] [1])
\tf@toc=\write4
\openout4 = `CS463_Group03_Final_Report.toc'.

 [2]
Underfull \hbox (badness 10000) in paragraph at lines 158--159

 []


Underfull \hbox (badness 10000) in paragraph at lines 160--161

 []


Underfull \hbox (badness 10000) in paragraph at lines 162--163

 []


Underfull \hbox (badness 10000) in paragraph at lines 177--181

 []

Missing character: There is no ‚ in font ptmr7t!
Missing character: There is no Ä in font ptmr7t!
Missing character: There is no ú in font ptmr7t!
Missing character: There is no ‚ in font ptmr7t!
Missing character: There is no Ä in font ptmr7t!
Missing character: There is no ù in font ptmr7t!

Underfull \hbox (badness 10000) in paragraph at lines 183--185

 []

[3

]
Missing character: There is no ‚ in font ptmr7t!
Missing character: There is no Ä in font ptmr7t!
Missing character: There is no ú in font ptmr7t!
Missing character: There is no ‚ in font ptmr7t!
Missing character: There is no Ä in font ptmr7t!
Missing character: There is no ù in font ptmr7t!

Underfull \hbox (badness 10000) in paragraph at lines 186--188

 []

Missing character: There is no ‚ in font ptmr7t!
Missing character: There is no Ä in font ptmr7t!
Missing character: There is no ú in font ptmr7t!
Missing character: There is no ‚ in font ptmr7t!
Missing character: There is no Ä in font ptmr7t!
Missing character: There is no ù in font ptmr7t!

Underfull \hbox (badness 10000) in paragraph at lines 190--194

 []


Underfull \hbox (badness 10000) in paragraph at lines 198--200

 []


Underfull \hbox (badness 10000) in paragraph at lines 201--203

 []


Underfull \hbox (badness 10000) in paragraph at lines 204--206

 []


Underfull \hbox (badness 10000) in paragraph at lines 207--209

 []


Underfull \hbox (badness 10000) in paragraph at lines 210--212

 []


Underfull \hbox (badness 10000) in paragraph at lines 213--215

 []


Underfull \hbox (badness 10000) in paragraph at lines 216--218

 []


Underfull \hbox (badness 10000) in paragraph at lines 219--221

 []


Underfull \hbox (badness 10000) in paragraph at lines 222--224

 []


Underfull \hbox (badness 10000) in paragraph at lines 225--227

 []


Underfull \hbox (badness 10000) in paragraph at lines 228--231

 []


Underfull \hbox (badness 10000) in paragraph at lines 232--235

 []


Underfull \hbox (badness 10000) in paragraph at lines 236--238

 []


Underfull \hbox (badness 10000) in paragraph at lines 239--242

 []

[4]
Underfull \hbox (badness 10000) in paragraph at lines 245--247

 []


Underfull \hbox (badness 10000) in paragraph at lines 248--249

 []


Underfull \hbox (badness 10000) in paragraph at lines 250--252

 []


Underfull \hbox (badness 10000) in paragraph at lines 253--254

 []


Underfull \hbox (badness 10000) in paragraph at lines 255--257

 []


Underfull \hbox (badness 10000) in paragraph at lines 259--260

 []


Underfull \hbox (badness 10000) in paragraph at lines 261--264

 []


Underfull \hbox (badness 10000) in paragraph at lines 265--267

 []


Underfull \hbox (badness 10000) in paragraph at lines 268--271

 []


Underfull \hbox (badness 10000) in paragraph at lines 272--273

 []


Underfull \hbox (badness 10000) in paragraph at lines 274--275

 []


Underfull \hbox (badness 10000) in paragraph at lines 276--278

 []


Underfull \hbox (badness 10000) in paragraph at lines 279--280

 []


Underfull \hbox (badness 10000) in paragraph at lines 281--283

 []


Underfull \hbox (badness 10000) in paragraph at lines 284--287

 []


Underfull \hbox (badness 10000) in paragraph at lines 289--290

 []


Underfull \hbox (badness 10000) in paragraph at lines 291--293

 []


Underfull \hbox (badness 10000) in paragraph at lines 294--296

 []


Underfull \hbox (badness 10000) in paragraph at lines 297--299

 []

[5]
Underfull \hbox (badness 10000) in paragraph at lines 300--301

 []


Underfull \hbox (badness 10000) in paragraph at lines 303--304

 []


Underfull \hbox (badness 10000) in paragraph at lines 305--307

 []


Underfull \hbox (badness 10000) in paragraph at lines 308--310

 []


Underfull \hbox (badness 10000) in paragraph at lines 311--313

 []


Underfull \hbox (badness 10000) in paragraph at lines 314--316

 []


Underfull \hbox (badness 10000) in paragraph at lines 319--322

 []


Underfull \hbox (badness 10000) in paragraph at lines 323--325

 []


Underfull \hbox (badness 10000) in paragraph at lines 326--328

 []


Underfull \hbox (badness 10000) in paragraph at lines 329--331

 []


Underfull \hbox (badness 10000) in paragraph at lines 333--335

 []


Underfull \hbox (badness 10000) in paragraph at lines 336--337

 []


Underfull \hbox (badness 10000) in paragraph at lines 338--340

 []


Underfull \hbox (badness 10000) in paragraph at lines 341--343

 []


Underfull \hbox (badness 10000) in paragraph at lines 344--346

 []


Underfull \hbox (badness 10000) in paragraph at lines 347--349

 []

Missing character: There is no ‚ in font ptmr7t!
Missing character: There is no Ä in font ptmr7t!
Missing character: There is no ì in font ptmr7t!

Underfull \hbox (badness 10000) in paragraph at lines 350--351

 []


Underfull \hbox (badness 10000) in paragraph at lines 353--356

 []

[6]
Underfull \hbox (badness 10000) in paragraph at lines 358--359

 []


Underfull \hbox (badness 10000) in paragraph at lines 360--362

 []


Underfull \hbox (badness 10000) in paragraph at lines 363--365

 []


Underfull \hbox (badness 10000) in paragraph at lines 366--368

 []

Missing character: There is no ‚ in font ptmr7t!
Missing character: There is no Ä in font ptmr7t!
Missing character: There is no ì in font ptmr7t!

Underfull \hbox (badness 10000) in paragraph at lines 369--370

 []


Underfull \hbox (badness 10000) in paragraph at lines 373--375

 []


Underfull \hbox (badness 10000) in paragraph at lines 376--377

 []


Underfull \hbox (badness 10000) in paragraph at lines 378--380

 []


Underfull \hbox (badness 10000) in paragraph at lines 381--383

 []


Underfull \hbox (badness 10000) in paragraph at lines 384--386

 []


Underfull \hbox (badness 10000) in paragraph at lines 389--393

 []



pdfTeX warning: pdflatex (file ./images/gantt.pdf): PDF inclusion: found PDF ve
rsion <1.7>, but at most version <1.5> allowed
<images/gantt.pdf, id=638, 794.97pt x 614.295pt>
File: images/gantt.pdf Graphic file (type pdf)
 <use images/gantt.pdf>
Package pdftex.def Info: images/gantt.pdf used on input line 396.
(pdftex.def)             Requested size: 794.96806pt x 614.29349pt.

[7] [8 <./images/gantt.pdf>]
Overfull \hbox (2.5137pt too wide) in paragraph at lines 418--418
[]\OT1/ptm/m/n/10 N/A|  
 []


Overfull \hbox (2.5137pt too wide) in paragraph at lines 418--418
[]\OT1/ptm/m/n/10 N/A|  
 []


Overfull \hbox (2.5137pt too wide) in paragraph at lines 418--418
[]\OT1/ptm/m/n/10 N/A|  
 []


Overfull \hbox (2.5137pt too wide) in paragraph at lines 418--418
[]\OT1/ptm/m/n/10 N/A|  
 []


Underfull \vbox (badness 10000) detected at line 418
 []

[9

] <images/newgantt.pdf, id=770, 614.295pt x 794.97pt>
File: images/newgantt.pdf Graphic file (type pdf)

<use images/newgantt.pdf>
Package pdftex.def Info: images/newgantt.pdf used on input line 423.
(pdftex.def)             Requested size: 505.89pt x 654.69385pt.


Package hyperref Warning: Difference (2) between bookmark levels is greater 
(hyperref)                than one, level fixed on input line 425.

[10] [11 <./images/newgantt.pdf>]
<docs/CS461_Group03_Design_Document.pdf, id=878, 614.295pt x 794.97pt>
File: docs/CS461_Group03_Design_Document.pdf Graphic file (type pdf)

<use docs/CS461_Group03_Design_Document.pdf>
Package pdftex.def Info: docs/CS461_Group03_Design_Document.pdf used on input l
ine 433.
(pdftex.def)             Requested size: 614.29349pt x 794.96806pt.
File: docs/CS461_Group03_Design_Document.pdf Graphic file (type pdf)

<use docs/CS461_Group03_Design_Document.pdf>
Package pdftex.def Info: docs/CS461_Group03_Design_Document.pdf used on input l
ine 433.
(pdftex.def)             Requested size: 614.29349pt x 794.96806pt.
 [12

]
<docs/CS461_Group03_Design_Document.pdf, id=885, page=1, 614.295pt x 794.97pt>
File: docs/CS461_Group03_Design_Document.pdf Graphic file (type pdf)

<use docs/CS461_Group03_Design_Document.pdf, page 1>
Package pdftex.def Info: docs/CS461_Group03_Design_Document.pdf, page1 used on 
input line 433.
(pdftex.def)             Requested size: 614.29349pt x 794.96806pt.
File: docs/CS461_Group03_Design_Document.pdf Graphic file (type pdf)

<use docs/CS461_Group03_Design_Document.pdf, page 1>
Package pdftex.def Info: docs/CS461_Group03_Design_Document.pdf, page1 used on 
input line 433.
(pdftex.def)             Requested size: 614.58406pt x 795.3441pt.
File: docs/CS461_Group03_Design_Document.pdf Graphic file (type pdf)

<use docs/CS461_Group03_Design_Document.pdf, page 1>
Package pdftex.def Info: docs/CS461_Group03_Design_Document.pdf, page1 used on 
input line 433.
(pdftex.def)             Requested size: 614.58406pt x 795.3441pt.
File: docs/CS461_Group03_Design_Document.pdf Graphic file (type pdf)

<use docs/CS461_Group03_Design_Document.pdf, page 1>
Package pdftex.def Info: docs/CS461_Group03_Design_Document.pdf, page1 used on 
input line 433.
(pdftex.def)             Requested size: 614.58406pt x 795.3441pt.
File: docs/CS461_Group03_Design_Document.pdf Graphic file (type pdf)

<use docs/CS461_Group03_Design_Document.pdf, page 1>
Package pdftex.def Info: docs/CS461_Group03_Design_Document.pdf, page1 used on 
input line 433.
(pdftex.def)             Requested size: 614.58406pt x 795.3441pt.
 [13 <./docs/CS461_Group03_Design_Document.pdf>]
<docs/CS461_Group03_Design_Document.pdf, id=916, page=2, 614.295pt x 794.97pt>
File: docs/CS461_Group03_Design_Document.pdf Graphic file (type pdf)

<use docs/CS461_Group03_Design_Document.pdf, page 2>
Package pdftex.def Info: docs/CS461_Group03_Design_Document.pdf, page2 used on 
input line 433.
(pdftex.def)             Requested size: 614.58406pt x 795.3441pt.
File: docs/CS461_Group03_Design_Document.pdf Graphic file (type pdf)

<use docs/CS461_Group03_Design_Document.pdf, page 2>
Package pdftex.def Info: docs/CS461_Group03_Design_Document.pdf, page2 used on 
input line 433.
(pdftex.def)             Requested size: 614.58406pt x 795.3441pt.
File: docs/CS461_Group03_Design_Document.pdf Graphic file (type pdf)

<use docs/CS461_Group03_Design_Document.pdf, page 2>
Package pdftex.def Info: docs/CS461_Group03_Design_Document.pdf, page2 used on 
input line 433.
(pdftex.def)             Requested size: 614.58406pt x 795.3441pt.
 [14 <./docs/CS461_Group03_Design_Document.pdf>]
<docs/CS461_Group03_Design_Document.pdf, id=928, page=3, 614.295pt x 794.97pt>
File: docs/CS461_Group03_Design_Document.pdf Graphic file (type pdf)

<use docs/CS461_Group03_Design_Document.pdf, page 3>
Package pdftex.def Info: docs/CS461_Group03_Design_Document.pdf, page3 used on 
input line 433.
(pdftex.def)             Requested size: 614.58406pt x 795.3441pt.
File: docs/CS461_Group03_Design_Document.pdf Graphic file (type pdf)

<use docs/CS461_Group03_Design_Document.pdf, page 3>
Package pdftex.def Info: docs/CS461_Group03_Design_Document.pdf, page3 used on 
input line 433.
(pdftex.def)             Requested size: 614.58406pt x 795.3441pt.
File: docs/CS461_Group03_Design_Document.pdf Graphic file (type pdf)

<use docs/CS461_Group03_Design_Document.pdf, page 3>
Package pdftex.def Info: docs/CS461_Group03_Design_Document.pdf, page3 used on 
input line 433.
(pdftex.def)             Requested size: 614.58406pt x 795.3441pt.
 [15 <./docs/CS461_Group03_Design_Document.pdf>]
<docs/CS461_Group03_Design_Document.pdf, id=941, page=4, 614.295pt x 794.97pt>
File: docs/CS461_Group03_Design_Document.pdf Graphic file (type pdf)

<use docs/CS461_Group03_Design_Document.pdf, page 4>
Package pdftex.def Info: docs/CS461_Group03_Design_Document.pdf, page4 used on 
input line 433.
(pdftex.def)             Requested size: 614.58406pt x 795.3441pt.
File: docs/CS461_Group03_Design_Document.pdf Graphic file (type pdf)

<use docs/CS461_Group03_Design_Document.pdf, page 4>
Package pdftex.def Info: docs/CS461_Group03_Design_Document.pdf, page4 used on 
input line 433.
(pdftex.def)             Requested size: 614.58406pt x 795.3441pt.
File: docs/CS461_Group03_Design_Document.pdf Graphic file (type pdf)

<use docs/CS461_Group03_Design_Document.pdf, page 4>
Package pdftex.def Info: docs/CS461_Group03_Design_Document.pdf, page4 used on 
input line 433.
(pdftex.def)             Requested size: 614.58406pt x 795.3441pt.
 [16 <./docs/CS461_Group03_Design_Document.pdf>]
<docs/CS461_Group03_Design_Document.pdf, id=958, page=5, 614.295pt x 794.97pt>
File: docs/CS461_Group03_Design_Document.pdf Graphic file (type pdf)

<use docs/CS461_Group03_Design_Document.pdf, page 5>
Package pdftex.def Info: docs/CS461_Group03_Design_Document.pdf, page5 used on 
input line 433.
(pdftex.def)             Requested size: 614.58406pt x 795.3441pt.
File: docs/CS461_Group03_Design_Document.pdf Graphic file (type pdf)

<use docs/CS461_Group03_Design_Document.pdf, page 5>
Package pdftex.def Info: docs/CS461_Group03_Design_Document.pdf, page5 used on 
input line 433.
(pdftex.def)             Requested size: 614.58406pt x 795.3441pt.
File: docs/CS461_Group03_Design_Document.pdf Graphic file (type pdf)

<use docs/CS461_Group03_Design_Document.pdf, page 5>
Package pdftex.def Info: docs/CS461_Group03_Design_Document.pdf, page5 used on 
input line 433.
(pdftex.def)             Requested size: 614.58406pt x 795.3441pt.
 [17 <./docs/CS461_Group03_Design_Document.pdf>]
<docs/CS461_Group03_Design_Document.pdf, id=966, page=6, 614.295pt x 794.97pt>
File: docs/CS461_Group03_Design_Document.pdf Graphic file (type pdf)

<use docs/CS461_Group03_Design_Document.pdf, page 6>
Package pdftex.def Info: docs/CS461_Group03_Design_Document.pdf, page6 used on 
input line 433.
(pdftex.def)             Requested size: 614.58406pt x 795.3441pt.
File: docs/CS461_Group03_Design_Document.pdf Graphic file (type pdf)

<use docs/CS461_Group03_Design_Document.pdf, page 6>
Package pdftex.def Info: docs/CS461_Group03_Design_Document.pdf, page6 used on 
input line 433.
(pdftex.def)             Requested size: 614.58406pt x 795.3441pt.
File: docs/CS461_Group03_Design_Document.pdf Graphic file (type pdf)

<use docs/CS461_Group03_Design_Document.pdf, page 6>
Package pdftex.def Info: docs/CS461_Group03_Design_Document.pdf, page6 used on 
input line 433.
(pdftex.def)             Requested size: 614.58406pt x 795.3441pt.
 [18 <./docs/CS461_Group03_Design_Document.pdf>]
<docs/CS461_Group03_Design_Document.pdf, id=975, page=7, 614.295pt x 794.97pt>
File: docs/CS461_Group03_Design_Document.pdf Graphic file (type pdf)

<use docs/CS461_Group03_Design_Document.pdf, page 7>
Package pdftex.def Info: docs/CS461_Group03_Design_Document.pdf, page7 used on 
input line 433.
(pdftex.def)             Requested size: 614.58406pt x 795.3441pt.
File: docs/CS461_Group03_Design_Document.pdf Graphic file (type pdf)

<use docs/CS461_Group03_Design_Document.pdf, page 7>
Package pdftex.def Info: docs/CS461_Group03_Design_Document.pdf, page7 used on 
input line 433.
(pdftex.def)             Requested size: 614.58406pt x 795.3441pt.
File: docs/CS461_Group03_Design_Document.pdf Graphic file (type pdf)

<use docs/CS461_Group03_Design_Document.pdf, page 7>
Package pdftex.def Info: docs/CS461_Group03_Design_Document.pdf, page7 used on 
input line 433.
(pdftex.def)             Requested size: 614.58406pt x 795.3441pt.
 [19 <./docs/CS461_Group03_Design_Document.pdf>]
<docs/CS461_Group03_Design_Document.pdf, id=981, page=8, 614.295pt x 794.97pt>
File: docs/CS461_Group03_Design_Document.pdf Graphic file (type pdf)

<use docs/CS461_Group03_Design_Document.pdf, page 8>
Package pdftex.def Info: docs/CS461_Group03_Design_Document.pdf, page8 used on 
input line 433.
(pdftex.def)             Requested size: 614.58406pt x 795.3441pt.
File: docs/CS461_Group03_Design_Document.pdf Graphic file (type pdf)

<use docs/CS461_Group03_Design_Document.pdf, page 8>
Package pdftex.def Info: docs/CS461_Group03_Design_Document.pdf, page8 used on 
input line 433.
(pdftex.def)             Requested size: 614.58406pt x 795.3441pt.
File: docs/CS461_Group03_Design_Document.pdf Graphic file (type pdf)

<use docs/CS461_Group03_Design_Document.pdf, page 8>
Package pdftex.def Info: docs/CS461_Group03_Design_Document.pdf, page8 used on 
input line 433.
(pdftex.def)             Requested size: 614.58406pt x 795.3441pt.
 [20 <./docs/CS461_Group03_Design_Document.pdf>]
<docs/CS461_Group03_Design_Document.pdf, id=988, page=9, 614.295pt x 794.97pt>
File: docs/CS461_Group03_Design_Document.pdf Graphic file (type pdf)

<use docs/CS461_Group03_Design_Document.pdf, page 9>
Package pdftex.def Info: docs/CS461_Group03_Design_Document.pdf, page9 used on 
input line 433.
(pdftex.def)             Requested size: 614.58406pt x 795.3441pt.
File: docs/CS461_Group03_Design_Document.pdf Graphic file (type pdf)

<use docs/CS461_Group03_Design_Document.pdf, page 9>
Package pdftex.def Info: docs/CS461_Group03_Design_Document.pdf, page9 used on 
input line 433.
(pdftex.def)             Requested size: 614.58406pt x 795.3441pt.
File: docs/CS461_Group03_Design_Document.pdf Graphic file (type pdf)

<use docs/CS461_Group03_Design_Document.pdf, page 9>
Package pdftex.def Info: docs/CS461_Group03_Design_Document.pdf, page9 used on 
input line 433.
(pdftex.def)             Requested size: 614.58406pt x 795.3441pt.
 [21 <./docs/CS461_Group03_Design_Document.pdf>]
<docs/CS461_Group03_Design_Document.pdf, id=994, page=10, 614.295pt x 794.97pt>
File: docs/CS461_Group03_Design_Document.pdf Graphic file (type pdf)
<use docs/CS461_Group03_Design_Document.pdf, page 10>
Package pdftex.def Info: docs/CS461_Group03_Design_Document.pdf, page10 used on
 input line 433.
(pdftex.def)             Requested size: 614.58406pt x 795.3441pt.
File: docs/CS461_Group03_Design_Document.pdf Graphic file (type pdf)

<use docs/CS461_Group03_Design_Document.pdf, page 10>
Package pdftex.def Info: docs/CS461_Group03_Design_Document.pdf, page10 used on
 input line 433.
(pdftex.def)             Requested size: 614.58406pt x 795.3441pt.
File: docs/CS461_Group03_Design_Document.pdf Graphic file (type pdf)

<use docs/CS461_Group03_Design_Document.pdf, page 10>
Package pdftex.def Info: docs/CS461_Group03_Design_Document.pdf, page10 used on
 input line 433.
(pdftex.def)             Requested size: 614.58406pt x 795.3441pt.
 [22 <./docs/CS461_Group03_Design_Document.pdf>]
<docs/CS461_Group03_Design_Document.pdf, id=1000, page=11, 614.295pt x 794.97pt
>
File: docs/CS461_Group03_Design_Document.pdf Graphic file (type pdf)
 <use docs/CS461_Group03_Design_Document.pdf, page 11>
Package pdftex.def Info: docs/CS461_Group03_Design_Document.pdf, page11 used on
 input line 433.
(pdftex.def)             Requested size: 614.58406pt x 795.3441pt.
File: docs/CS461_Group03_Design_Document.pdf Graphic file (type pdf)

<use docs/CS461_Group03_Design_Document.pdf, page 11>
Package pdftex.def Info: docs/CS461_Group03_Design_Document.pdf, page11 used on
 input line 433.
(pdftex.def)             Requested size: 614.58406pt x 795.3441pt.
File: docs/CS461_Group03_Design_Document.pdf Graphic file (type pdf)

<use docs/CS461_Group03_Design_Document.pdf, page 11>
Package pdftex.def Info: docs/CS461_Group03_Design_Document.pdf, page11 used on
 input line 433.
(pdftex.def)             Requested size: 614.58406pt x 795.3441pt.
 [23 <./docs/CS461_Group03_Design_Document.pdf>]
<docs/CS461_Group03_Design_Document.pdf, id=1008, page=12, 614.295pt x 794.97pt
>
File: docs/CS461_Group03_Design_Document.pdf Graphic file (type pdf)
 <use docs/CS461_Group03_Design_Document.pdf, page 12>
Package pdftex.def Info: docs/CS461_Group03_Design_Document.pdf, page12 used on
 input line 433.
(pdftex.def)             Requested size: 614.58406pt x 795.3441pt.
File: docs/CS461_Group03_Design_Document.pdf Graphic file (type pdf)

<use docs/CS461_Group03_Design_Document.pdf, page 12>
Package pdftex.def Info: docs/CS461_Group03_Design_Document.pdf, page12 used on
 input line 433.
(pdftex.def)             Requested size: 614.58406pt x 795.3441pt.
File: docs/CS461_Group03_Design_Document.pdf Graphic file (type pdf)

<use docs/CS461_Group03_Design_Document.pdf, page 12>
Package pdftex.def Info: docs/CS461_Group03_Design_Document.pdf, page12 used on
 input line 433.
(pdftex.def)             Requested size: 614.58406pt x 795.3441pt.
 [24 <./docs/CS461_Group03_Design_Document.pdf>]
<docs/CS461_Group03_Design_Document.pdf, id=1014, page=13, 614.295pt x 794.97pt
>
File: docs/CS461_Group03_Design_Document.pdf Graphic file (type pdf)
 <use docs/CS461_Group03_Design_Document.pdf, page 13>
Package pdftex.def Info: docs/CS461_Group03_Design_Document.pdf, page13 used on
 input line 433.
(pdftex.def)             Requested size: 614.58406pt x 795.3441pt.
File: docs/CS461_Group03_Design_Document.pdf Graphic file (type pdf)

<use docs/CS461_Group03_Design_Document.pdf, page 13>
Package pdftex.def Info: docs/CS461_Group03_Design_Document.pdf, page13 used on
 input line 433.
(pdftex.def)             Requested size: 614.58406pt x 795.3441pt.
File: docs/CS461_Group03_Design_Document.pdf Graphic file (type pdf)

<use docs/CS461_Group03_Design_Document.pdf, page 13>
Package pdftex.def Info: docs/CS461_Group03_Design_Document.pdf, page13 used on
 input line 433.
(pdftex.def)             Requested size: 614.58406pt x 795.3441pt.
 [25 <./docs/CS461_Group03_Design_Document.pdf>]
<docs/CS461_Group03_Design_Document.pdf, id=1020, page=14, 614.295pt x 794.97pt
>
File: docs/CS461_Group03_Design_Document.pdf Graphic file (type pdf)
 <use docs/CS461_Group03_Design_Document.pdf, page 14>
Package pdftex.def Info: docs/CS461_Group03_Design_Document.pdf, page14 used on
 input line 433.
(pdftex.def)             Requested size: 614.58406pt x 795.3441pt.
File: docs/CS461_Group03_Design_Document.pdf Graphic file (type pdf)

<use docs/CS461_Group03_Design_Document.pdf, page 14>
Package pdftex.def Info: docs/CS461_Group03_Design_Document.pdf, page14 used on
 input line 433.
(pdftex.def)             Requested size: 614.58406pt x 795.3441pt.
File: docs/CS461_Group03_Design_Document.pdf Graphic file (type pdf)

<use docs/CS461_Group03_Design_Document.pdf, page 14>
Package pdftex.def Info: docs/CS461_Group03_Design_Document.pdf, page14 used on
 input line 433.
(pdftex.def)             Requested size: 614.58406pt x 795.3441pt.
 [26 <./docs/CS461_Group03_Design_Document.pdf>]
Underfull \hbox (badness 10000) in paragraph at lines 436--437

 []


Underfull \hbox (badness 10000) in paragraph at lines 438--439

 []


Underfull \hbox (badness 10000) in paragraph at lines 440--441

 []


Underfull \hbox (badness 10000) in paragraph at lines 442--443

 []

Missing character: There is no ‚ in font ptmr7t!
Missing character: There is no Ä in font ptmr7t!
Missing character: There is no ú in font ptmr7t!
Missing character: There is no ‚ in font ptmr7t!
Missing character: There is no Ä in font ptmr7t!
Missing character: There is no ù in font ptmr7t!

Underfull \hbox (badness 10000) in paragraph at lines 444--445

 []


Underfull \hbox (badness 10000) in paragraph at lines 446--447

 []


Underfull \hbox (badness 10000) in paragraph at lines 467--468

 []

[27]
Underfull \hbox (badness 10000) in paragraph at lines 477--478

 []


Underfull \hbox (badness 10000) in paragraph at lines 488--489

 []


Underfull \hbox (badness 10000) in paragraph at lines 499--504

 []


Underfull \hbox (badness 10000) in paragraph at lines 506--510

 []


Underfull \hbox (badness 10000) in paragraph at lines 513--519

 []

Missing character: There is no ¬ in font ptmr7t!
Missing character: There is no Æ in font ptmr7t!

Underfull \hbox (badness 10000) in paragraph at lines 527--533

 []


Underfull \hbox (badness 10000) in paragraph at lines 535--541

 []

[28]
Underfull \hbox (badness 10000) in paragraph at lines 543--547

 []


Underfull \hbox (badness 10000) in paragraph at lines 557--564

 []


Underfull \hbox (badness 10000) in paragraph at lines 565--572

 []


Underfull \hbox (badness 10000) in paragraph at lines 574--582

 []


Underfull \hbox (badness 10000) in paragraph at lines 591--592

 []


Underfull \hbox (badness 10000) in paragraph at lines 593--594

 []

[29]
Underfull \hbox (badness 10000) in paragraph at lines 599--600

 []

Missing character: There is no ‚ in font ptmr7t!
Missing character: There is no Ä in font ptmr7t!
Missing character: There is no ã in font ptmr7t!

Underfull \hbox (badness 10000) in paragraph at lines 604--605

 []


Underfull \hbox (badness 10000) in paragraph at lines 606--607

 []

Missing character: There is no ‚ in font ptmr7t!
Missing character: There is no Ä in font ptmr7t!
Missing character: There is no ã in font ptmr7t!

Underfull \hbox (badness 10000) in paragraph at lines 611--612

 []

Missing character: There is no ‚ in font ptmr7t!
Missing character: There is no Ä in font ptmr7t!
Missing character: There is no ã in font ptmr7t!

Underfull \hbox (badness 10000) in paragraph at lines 616--617

 []

Missing character: There is no ‚ in font ptmr7t!
Missing character: There is no Ä in font ptmr7t!
Missing character: There is no ã in font ptmr7t!

Underfull \hbox (badness 10000) in paragraph at lines 621--622

 []

Missing character: There is no ‚ in font ptmr7t!
Missing character: There is no Ä in font ptmr7t!
Missing character: There is no ã in font ptmr7t!

Underfull \hbox (badness 10000) in paragraph at lines 626--627

 []


Underfull \hbox (badness 10000) in paragraph at lines 628--629

 []


Underfull \hbox (badness 10000) in paragraph at lines 630--631

 []


Underfull \hbox (badness 10000) in paragraph at lines 632--633

 []

[30]
Underfull \hbox (badness 10000) in paragraph at lines 637--638

 []

Missing character: There is no ‚ in font ptmr7t!
Missing character: There is no Ä in font ptmr7t!
Missing character: There is no ã in font ptmr7t!

Underfull \hbox (badness 10000) in paragraph at lines 639--640

 []


Underfull \hbox (badness 10000) in paragraph at lines 641--642

 []


Underfull \hbox (badness 10000) in paragraph at lines 643--644

 []

Missing character: There is no ‚ in font ptmr7t!
Missing character: There is no Ä in font ptmr7t!
Missing character: There is no ã in font ptmr7t!
Missing character: There is no ‚ in font ptmr7t!
Missing character: There is no Ä in font ptmr7t!
Missing character: There is no ã in font ptmr7t!

Underfull \hbox (badness 10000) in paragraph at lines 648--649

 []

Missing character: There is no ‚ in font ptmr7t!
Missing character: There is no Ä in font ptmr7t!
Missing character: There is no ã in font ptmr7t!

Underfull \hbox (badness 10000) in paragraph at lines 650--651

 []


Underfull \hbox (badness 10000) in paragraph at lines 652--653

 []


Underfull \hbox (badness 10000) in paragraph at lines 654--655

 []


Underfull \hbox (badness 10000) in paragraph at lines 659--660

 []


Underfull \hbox (badness 10000) in paragraph at lines 661--662

 []

Missing character: There is no ‚ in font ptmr7t!
Missing character: There is no Ä in font ptmr7t!
Missing character: There is no ã in font ptmr7t!

Underfull \hbox (badness 10000) in paragraph at lines 663--664

 []


Underfull \hbox (badness 10000) in paragraph at lines 668--669

 []

[31]
Missing character: There is no ‚ in font ptmr7t!
Missing character: There is no Ä in font ptmr7t!
Missing character: There is no ã in font ptmr7t!

Underfull \hbox (badness 10000) in paragraph at lines 670--671

 []


Underfull \hbox (badness 10000) in paragraph at lines 675--676

 []


Underfull \hbox (badness 10000) in paragraph at lines 677--678

 []


Underfull \hbox (badness 10000) in paragraph at lines 682--683

 []


Underfull \hbox (badness 10000) in paragraph at lines 684--685

 []


Underfull \hbox (badness 10000) in paragraph at lines 686--687

 []

Missing character: There is no ‚ in font ptmr7t!
Missing character: There is no Ä in font ptmr7t!
Missing character: There is no ã in font ptmr7t!

Underfull \hbox (badness 10000) in paragraph at lines 691--692

 []

Missing character: There is no ‚ in font ptmr7t!
Missing character: There is no Ä in font ptmr7t!
Missing character: There is no ã in font ptmr7t!

Underfull \hbox (badness 10000) in paragraph at lines 693--694

 []

Missing character: There is no ‚ in font ptmr7t!
Missing character: There is no Ä in font ptmr7t!
Missing character: There is no ã in font ptmr7t!

Underfull \hbox (badness 10000) in paragraph at lines 695--696

 []

Missing character: There is no ‚ in font ptmr7t!
Missing character: There is no Ä in font ptmr7t!
Missing character: There is no ã in font ptmr7t!
Missing character: There is no ‚ in font ptmr7t!
Missing character: There is no Ä in font ptmr7t!
Missing character: There is no ã in font ptmr7t!

Underfull \hbox (badness 10000) in paragraph at lines 700--701

 []

Missing character: There is no ‚ in font ptmr7t!
Missing character: There is no Ä in font ptmr7t!
Missing character: There is no ã in font ptmr7t!

Underfull \hbox (badness 10000) in paragraph at lines 702--703

 []

[32]
Underfull \hbox (badness 10000) in paragraph at lines 704--705

 []

Missing character: There is no ‚ in font ptmr7t!
Missing character: There is no Ä in font ptmr7t!
Missing character: There is no ã in font ptmr7t!

Underfull \hbox (badness 10000) in paragraph at lines 709--710

 []

Missing character: There is no ‚ in font ptmr7t!
Missing character: There is no Ä in font ptmr7t!
Missing character: There is no ã in font ptmr7t!

Underfull \hbox (badness 10000) in paragraph at lines 711--712

 []


Underfull \hbox (badness 10000) in paragraph at lines 713--714

 []

Missing character: There is no ‚ in font ptmr7t!
Missing character: There is no Ä in font ptmr7t!
Missing character: There is no ã in font ptmr7t!

Underfull \hbox (badness 10000) in paragraph at lines 718--719

 []


Underfull \hbox (badness 10000) in paragraph at lines 720--721

 []


Underfull \hbox (badness 10000) in paragraph at lines 722--723

 []


Underfull \hbox (badness 10000) in paragraph at lines 727--728

 []

Missing character: There is no ‚ in font ptmr7t!
Missing character: There is no Ä in font ptmr7t!
Missing character: There is no ã in font ptmr7t!

Underfull \hbox (badness 10000) in paragraph at lines 729--730

 []

Missing character: There is no ‚ in font ptmr7t!
Missing character: There is no Ä in font ptmr7t!
Missing character: There is no ã in font ptmr7t!
Missing character: There is no ‚ in font ptmr7t!
Missing character: There is no Ä in font ptmr7t!
Missing character: There is no ã in font ptmr7t!

Underfull \hbox (badness 10000) in paragraph at lines 734--735

 []

Missing character: There is no ‚ in font ptmr7t!
Missing character: There is no Ä in font ptmr7t!
Missing character: There is no ã in font ptmr7t!
[33]
Underfull \hbox (badness 10000) in paragraph at lines 739--740

 []

Missing character: There is no ‚ in font ptmr7t!
Missing character: There is no Ä in font ptmr7t!
Missing character: There is no ã in font ptmr7t!
Missing character: There is no ‚ in font ptmr7t!
Missing character: There is no Ä in font ptmr7t!
Missing character: There is no ã in font ptmr7t!
Missing character: There is no ‚ in font ptmri7t!
Missing character: There is no Ä in font ptmri7t!
Missing character: There is no ã in font ptmri7t!
Missing character: There is no ‚ in font ptmri7t!
Missing character: There is no Ä in font ptmri7t!
Missing character: There is no ã in font ptmri7t!
Missing character: There is no ‚ in font ptmr7t!
Missing character: There is no Ä in font ptmr7t!
Missing character: There is no ã in font ptmr7t!

Underfull \hbox (badness 10000) in paragraph at lines 745--746

 []

Missing character: There is no ‚ in font ptmr7t!
Missing character: There is no Ä in font ptmr7t!
Missing character: There is no ã in font ptmr7t!
Missing character: There is no ‚ in font ptmr7t!
Missing character: There is no Ä in font ptmr7t!
Missing character: There is no ã in font ptmr7t!
Missing character: There is no ‚ in font ptmr7t!
Missing character: There is no Ä in font ptmr7t!
Missing character: There is no ã in font ptmr7t!
Missing character: There is no ‚ in font ptmr7t!
Missing character: There is no Ä in font ptmr7t!
Missing character: There is no ã in font ptmr7t!

Underfull \hbox (badness 10000) in paragraph at lines 749--750

 []

Missing character: There is no ‚ in font ptmri7t!
Missing character: There is no Ä in font ptmri7t!
Missing character: There is no ã in font ptmri7t!
Missing character: There is no ‚ in font ptmr7t!
Missing character: There is no Ä in font ptmr7t!
Missing character: There is no ã in font ptmr7t!

Underfull \hbox (badness 10000) in paragraph at lines 756--757

 []

Missing character: There is no ‚ in font ptmr7t!
Missing character: There is no Ä in font ptmr7t!
Missing character: There is no ã in font ptmr7t!

Underfull \hbox (badness 10000) in paragraph at lines 758--759

 []


Underfull \hbox (badness 10000) in paragraph at lines 760--761

 []


Underfull \hbox (badness 10000) in paragraph at lines 762--763

 []

Missing character: There is no ‚ in font ptmr7t!
Missing character: There is no Ä in font ptmr7t!
Missing character: There is no ã in font ptmr7t!

Underfull \hbox (badness 10000) in paragraph at lines 767--768

 []


Underfull \hbox (badness 10000) in paragraph at lines 769--770

 []

[34]
Underfull \hbox (badness 10000) in paragraph at lines 771--772

 []


Underfull \hbox (badness 10000) in paragraph at lines 778--782

 []


Underfull \hbox (badness 10000) in paragraph at lines 783--794

 []


Underfull \hbox (badness 10000) in paragraph at lines 795--799

 []


Underfull \hbox (badness 10000) in paragraph at lines 800--808

 []


Underfull \hbox (badness 10000) in paragraph at lines 809--813

 []


Underfull \hbox (badness 10000) in paragraph at lines 814--821

 []

[35]
Underfull \hbox (badness 10000) in paragraph at lines 822--826

 []


Underfull \hbox (badness 10000) in paragraph at lines 832--833

 []


Underfull \hbox (badness 10000) in paragraph at lines 834--835

 []


Underfull \hbox (badness 10000) in paragraph at lines 836--837

 []

Missing character: There is no ‚ in font ptmr7t!
Missing character: There is no Ä in font ptmr7t!
Missing character: There is no ú in font ptmr7t!
Missing character: There is no ‚ in font ptmr7t!
Missing character: There is no Ä in font ptmr7t!
Missing character: There is no ù in font ptmr7t!

Underfull \hbox (badness 10000) in paragraph at lines 838--839

 []

(/usr/share/texlive/texmf-dist/tex/latex/listings/lstlang1.sty
File: lstlang1.sty 2013/08/26 1.5b listings language file
)
(/usr/share/texlive/texmf-dist/tex/latex/listings/lstlang1.sty
File: lstlang1.sty 2013/08/26 1.5b listings language file
)
LaTeX Font Info:    Try loading font information for OT1+pcr on input line 842.


(/usr/share/texlive/texmf-dist/tex/latex/psnfss/ot1pcr.fd
File: ot1pcr.fd 2001/06/04 font definitions for OT1/pcr.
)
LaTeX Font Info:    Font shape `OT1/pcr/bx/n' in size <8> not available
(Font)              Font shape `OT1/pcr/b/n' tried instead on input line 856.
 [36]
Underfull \hbox (badness 10000) in paragraph at lines 893--895

 []


Underfull \hbox (badness 10000) in paragraph at lines 898--899

 []


Underfull \hbox (badness 10000) in paragraph at lines 900--901

 []

(./code/env.js [37])
Underfull \hbox (badness 10000) in paragraph at lines 907--909

 []


Underfull \hbox (badness 10000) in paragraph at lines 956--957

 []

[38]
Underfull \hbox (badness 10000) in paragraph at lines 978--979

 []

[39] [40] (./code/app.js [41]
Underfull \vbox (badness 10000) has occurred while \output is active []

 [42])
(./code/data.js [43]) (./code/web.js) (./code/web.js) (./code/web.js [44]
Underfull \vbox (badness 10000) has occurred while \output is active []

 [45])
(./code/kiosk.js [46]
Underfull \vbox (badness 10000) has occurred while \output is active []

 [47])
(./code/cart.js) (./code/facial.js [48]
Underfull \vbox (badness 10000) has occurred while \output is active []

 [49]
Underfull \vbox (badness 10000) has occurred while \output is active []

 [50])
(./code/cart.js [51]) (./code/table.js [52]
Underfull \vbox (badness 10000) has occurred while \output is active []

 [53])
(./code/table.js [54]
Underfull \vbox (badness 10000) has occurred while \output is active []

 [55])
(./code/scrubbers.js [56]
Underfull \vbox (badness 10000) has occurred while \output is active []

 [57]
Underfull \vbox (badness 10000) has occurred while \output is active []

 [58]
Underfull \vbox (badness 10000) has occurred while \output is active []

 [59])
(./code/validators.js [60]
Underfull \vbox (badness 10000) has occurred while \output is active []

 [61]
Underfull \vbox (badness 10000) has occurred while \output is active []

 [62]
Underfull \vbox (badness 10000) has occurred while \output is active []

 [63]
Underfull \vbox (badness 10000) has occurred while \output is active []

 [64]
Underfull \vbox (badness 10000) has occurred while \output is active []

 [65]
Underfull \vbox (badness 10000) has occurred while \output is active []

 [66])
Package epstopdf Info: Source file: <images/img-4.eps>
(epstopdf)                    date: 2016-05-05 21:32:33
(epstopdf)                    size: 377333 bytes
(epstopdf)             Output file: <images/img-4-eps-converted-to.pdf>
(epstopdf)                    date: 2016-06-09 20:27:26
(epstopdf)                    size: 226929 bytes
(epstopdf)             Command: <repstopdf --outfile=images/img-4-eps-converted
-to.pdf images/img-4.eps>
(epstopdf)             \includegraphics on input line 1086.
Package epstopdf Info: Output file is already uptodate.

<images/img-4-eps-converted-to.pdf, id=3159, 1278.7775pt x 655.44875pt>
File: images/img-4-eps-converted-to.pdf Graphic file (type pdf)

<use images/img-4-eps-converted-to.pdf>
Package pdftex.def Info: images/img-4-eps-converted-to.pdf used on input line 1
086.
(pdftex.def)             Requested size: 455.2979pt x 233.37102pt.
Package epstopdf Info: Source file: <images/img-3.eps>
(epstopdf)                    date: 2016-05-05 21:32:15
(epstopdf)                    size: 178888 bytes
(epstopdf)             Output file: <images/img-3-eps-converted-to.pdf>
(epstopdf)                    date: 2016-06-09 20:27:26
(epstopdf)                    size: 107413 bytes
(epstopdf)             Command: <repstopdf --outfile=images/img-3-eps-converted
-to.pdf images/img-3.eps>
(epstopdf)             \includegraphics on input line 1093.
Package epstopdf Info: Output file is already uptodate.

<images/img-3-eps-converted-to.pdf, id=3160, 1298.8525pt x 324.21124pt>
File: images/img-3-eps-converted-to.pdf Graphic file (type pdf)

<use images/img-3-eps-converted-to.pdf>
Package pdftex.def Info: images/img-3-eps-converted-to.pdf used on input line 1
093.
(pdftex.def)             Requested size: 455.2979pt x 113.64877pt.
Package epstopdf Info: Source file: <images/img-2.eps>
(epstopdf)                    date: 2016-05-05 21:31:52
(epstopdf)                    size: 116461 bytes
(epstopdf)             Output file: <images/img-2-eps-converted-to.pdf>
(epstopdf)                    date: 2016-06-09 20:27:27
(epstopdf)                    size: 87201 bytes
(epstopdf)             Command: <repstopdf --outfile=images/img-2-eps-converted
-to.pdf images/img-2.eps>
(epstopdf)             \includegraphics on input line 1100.
Package epstopdf Info: Output file is already uptodate.

<images/img-2-eps-converted-to.pdf, id=3161, 1298.8525pt x 642.4pt>
File: images/img-2-eps-converted-to.pdf Graphic file (type pdf)

<use images/img-2-eps-converted-to.pdf>
Package pdftex.def Info: images/img-2-eps-converted-to.pdf used on input line 1
100.
(pdftex.def)             Requested size: 455.2979pt x 225.18645pt.
Package epstopdf Info: Source file: <images/img-1.eps>
(epstopdf)                    date: 2016-05-05 21:31:11
(epstopdf)                    size: 115286 bytes
(epstopdf)             Output file: <images/img-1-eps-converted-to.pdf>
(epstopdf)                    date: 2016-06-09 20:27:27
(epstopdf)                    size: 77459 bytes
(epstopdf)             Command: <repstopdf --outfile=images/img-1-eps-converted
-to.pdf images/img-1.eps>
(epstopdf)             \includegraphics on input line 1107.
Package epstopdf Info: Output file is already uptodate.

<images/img-1-eps-converted-to.pdf, id=3162, 1312.905pt x 417.56pt>
File: images/img-1-eps-converted-to.pdf Graphic file (type pdf)

<use images/img-1-eps-converted-to.pdf>
Package pdftex.def Info: images/img-1-eps-converted-to.pdf used on input line 1
107.
(pdftex.def)             Requested size: 455.2979pt x 144.8038pt.
Package atveryend Info: Empty hook `BeforeClearDocument' on input line 1119.
 [67]

LaTeX Warning: Text page 68 contains only floats.

[68 <./images/img-4-eps-converted-to.pdf> <./images/img-3-eps-converted-to.pdf>
 <./images/img-2-eps-converted-to.pdf>] [69 <./images/img-1-eps-converted-to.pd
f>]
Package atveryend Info: Empty hook `AfterLastShipout' on input line 1119.
 (./CS463_Group03_Final_Report.aux)
Package atveryend Info: Executing hook `AtVeryEndDocument' on input line 1119.
Package atveryend Info: Executing hook `AtEndAfterFileList' on input line 1119.

Package rerunfilecheck Info: File `CS463_Group03_Final_Report.out' has not chan
ged.
(rerunfilecheck)             Checksum: 7E9DDAECC125FB6E92656B110A64B460;9047.
Package atveryend Info: Empty hook `AtVeryVeryEnd' on input line 1119.
 ) 
Here is how much of TeX's memory you used:
 13609 strings out of 493304
 211345 string characters out of 6139871
 545987 words of memory out of 5000000
 14678 multiletter control sequences out of 15000+600000
 36204 words of font info for 68 fonts, out of 8000000 for 9000
 960 hyphenation exceptions out of 8191
 41i,18n,51p,1154b,1752s stack positions out of 5000i,500n,10000p,200000b,80000s
{/usr/share/texlive/texmf-dist/fonts/enc/dvips/base/8r.enc}</usr/share/texliv
e/texmf-dist/fonts/type1/urw/courier/ucrb8a.pfb></usr/share/texlive/texmf-dist/
fonts/type1/urw/courier/ucrr8a.pfb></usr/share/texlive/texmf-dist/fonts/type1/u
rw/times/utmb8a.pfb></usr/share/texlive/texmf-dist/fonts/type1/urw/times/utmr8a
.pfb></usr/share/texlive/texmf-dist/fonts/type1/urw/times/utmri8a.pfb>
Output written on CS463_Group03_Final_Report.pdf (71 pages, 2083174 bytes).
PDF statistics:
 3716 PDF objects out of 4296 (max. 8388607)
 3374 compressed objects within 34 object streams
 2233 named destinations out of 2487 (max. 500000)
 980 words of extra memory for PDF output out of 10000 (max. 10000000)

