\BOOKMARK [1][-]{section.1}{Introduction}{}% 1
\BOOKMARK [2][-]{subsection.1.1}{Who Requested it?}{section.1}% 2
\BOOKMARK [2][-]{subsection.1.2}{Why Was It Requested?}{section.1}% 3
\BOOKMARK [2][-]{subsection.1.3}{What Is Its Importance?}{section.1}% 4
\BOOKMARK [2][-]{subsection.1.4}{Who Was/Were Your Client\(s\)?}{section.1}% 5
\BOOKMARK [2][-]{subsection.1.5}{Who Are the Members of Your Team?}{section.1}% 6
\BOOKMARK [2][-]{subsection.1.6}{What Were Their Roles?}{section.1}% 7
\BOOKMARK [2][-]{subsection.1.7}{What Was the Role of the Client\(s\)? \(I.e., Did They Supervise Only, or Did They Participate in Doing Development\)}{section.1}% 8
\BOOKMARK [1][-]{section.2}{The Original Requirements Document}{}% 9
\BOOKMARK [2][-]{subsection.2.1}{Introduction}{section.2}% 10
\BOOKMARK [3][-]{subsubsection.2.1.1}{About This Document}{subsection.2.1}% 11
\BOOKMARK [3][-]{subsubsection.2.1.2}{Definitions}{subsection.2.1}% 12
\BOOKMARK [3][-]{subsubsection.2.1.3}{Current System}{subsection.2.1}% 13
\BOOKMARK [2][-]{subsection.2.2}{The Client would like to...}{section.2}% 14
\BOOKMARK [3][-]{subsubsection.2.2.1}{Inventory}{subsection.2.2}% 15
\BOOKMARK [3][-]{subsubsection.2.2.2}{Security}{subsection.2.2}% 16
\BOOKMARK [3][-]{subsubsection.2.2.3}{Database}{subsection.2.2}% 17
\BOOKMARK [3][-]{subsubsection.2.2.4}{Services}{subsection.2.2}% 18
\BOOKMARK [2][-]{subsection.2.3}{The Interfaces...}{section.2}% 19
\BOOKMARK [3][-]{subsubsection.2.3.1}{Main Interface}{subsection.2.3}% 20
\BOOKMARK [3][-]{subsubsection.2.3.2}{Shopping Cart Interface}{subsection.2.3}% 21
\BOOKMARK [3][-]{subsubsection.2.3.3}{Scrapping Interface}{subsection.2.3}% 22
\BOOKMARK [3][-]{subsubsection.2.3.4}{Reporting Interface}{subsection.2.3}% 23
\BOOKMARK [2][-]{subsection.2.4}{The Expo Should Look Like...}{section.2}% 24
\BOOKMARK [3][-]{subsubsection.2.4.1}{Web Application}{subsection.2.4}% 25
\BOOKMARK [2][-]{subsection.2.5}{Appendix}{section.2}% 26
\BOOKMARK [3][-]{subsubsection.2.5.1}{Multi-Level Filtering}{subsection.2.5}% 27
\BOOKMARK [3][-]{figure.caption.64}{Gantt Chart}{subsection.2.5}% 28
\BOOKMARK [1][-]{section.3}{Changes Since the Original Client Requirements Document}{}% 29
\BOOKMARK [2][-]{figure.caption.65}{The New Gantt Chart}{section.3}% 30
\BOOKMARK [1][-]{section.4}{The Original Design Document}{}% 31
\BOOKMARK [1][-]{section.5}{Changes Since the Original Design Document}{}% 32
\BOOKMARK [1][-]{section.6}{The Original Technology Document}{}% 33
\BOOKMARK [2][-]{subsection.6.1}{What We Are Trying to Accomplish}{section.6}% 34
\BOOKMARK [2][-]{subsection.6.2}{Cameras}{section.6}% 35
\BOOKMARK [3][-]{subsubsection.6.2.1}{Standard CCTV camera}{subsection.6.2}% 36
\BOOKMARK [3][-]{subsubsection.6.2.2}{Intel RealSense Camera\(F200\)}{subsection.6.2}% 37
\BOOKMARK [3][-]{subsubsection.6.2.3}{Kinect Sensor}{subsection.6.2}% 38
\BOOKMARK [3][-]{subsubsection.6.2.4}{Selection Criteria}{subsection.6.2}% 39
\BOOKMARK [2][-]{subsection.6.3}{RFID Reader}{section.6}% 40
\BOOKMARK [3][-]{subsubsection.6.3.1}{1126 Desktop UHF RFID Reader}{subsection.6.3}% 41
\BOOKMARK [3][-]{subsubsection.6.3.2}{ID CPR02.10-AD/-B RFID Card Reader}{subsection.6.3}% 42
\BOOKMARK [3][-]{subsubsection.6.3.3}{pcProx82 Series}{subsection.6.3}% 43
\BOOKMARK [3][-]{subsubsection.6.3.4}{Selection Criteria}{subsection.6.3}% 44
\BOOKMARK [2][-]{subsection.6.4}{Database Management System}{section.6}% 45
\BOOKMARK [3][-]{subsubsection.6.4.1}{MySQL}{subsection.6.4}% 46
\BOOKMARK [3][-]{subsubsection.6.4.2}{Microsoft SQL Server Express}{subsection.6.4}% 47
\BOOKMARK [3][-]{subsubsection.6.4.3}{Oracle Database Express}{subsection.6.4}% 48
\BOOKMARK [3][-]{subsubsection.6.4.4}{Selection Criteria}{subsection.6.4}% 49
\BOOKMARK [2][-]{subsection.6.5}{Web Application}{section.6}% 50
\BOOKMARK [3][-]{subsubsection.6.5.1}{Node.js / Angular.js}{subsection.6.5}% 51
\BOOKMARK [3][-]{subsubsection.6.5.2}{Visual Studio Community}{subsection.6.5}% 52
\BOOKMARK [3][-]{subsubsection.6.5.3}{Vanilla HTML/CSS/Javascript with PHP}{subsection.6.5}% 53
\BOOKMARK [3][-]{subsubsection.6.5.4}{Selection Criteria}{subsection.6.5}% 54
\BOOKMARK [1][-]{section.7}{Changes Since the Original Technology Document}{}% 55
\BOOKMARK [1][-]{section.8}{Weekly Blog Posts}{}% 56
\BOOKMARK [2][-]{subsection.8.1}{Welcome to my blog! by Cronise, Joseph Eric}{section.8}% 57
\BOOKMARK [2][-]{subsection.8.2}{Weekly Update 10/23/2015 by Cronise, Joseph Eric}{section.8}% 58
\BOOKMARK [2][-]{subsection.8.3}{Weekly Update 10/30/2015 by Camus, Dylan Michael}{section.8}% 59
\BOOKMARK [2][-]{subsection.8.4}{Weekly Update 11/6/2015 by Camus, Dylan Michael}{section.8}% 60
\BOOKMARK [2][-]{subsection.8.5}{Weekly Update 11/13/2015 by Camus, Dylan Michael}{section.8}% 61
\BOOKMARK [2][-]{subsection.8.6}{Weekly Update 11/27/2015 by Hayes, Brett}{section.8}% 62
\BOOKMARK [2][-]{subsection.8.7}{Weekly Update 12/5/2015 by Hayes, Brett}{section.8}% 63
\BOOKMARK [2][-]{subsection.8.8}{Weekly Update 1/16 by Hayes, Brett}{section.8}% 64
\BOOKMARK [2][-]{subsection.8.9}{Weekly Update 1/29 by Hayes, Brett}{section.8}% 65
\BOOKMARK [2][-]{subsection.8.10}{Weekly Blog Post 2/5 by Hayes, Brett}{section.8}% 66
\BOOKMARK [2][-]{subsection.8.11}{Weekly Update 2/12 by Camus, Dylan Michael}{section.8}% 67
\BOOKMARK [2][-]{subsection.8.12}{Weekly Blog Post 2/19 by Hayes, Brett}{section.8}% 68
\BOOKMARK [2][-]{subsection.8.13}{Weekly Blog Post 2/26 by Hayes, Brett}{section.8}% 69
\BOOKMARK [2][-]{subsection.8.14}{Weekly Blog Post 3/4 by Camus, Dylan Michael}{section.8}% 70
\BOOKMARK [2][-]{subsection.8.15}{Weekly Blog Post 3/11 by Hayes, Brett}{section.8}% 71
\BOOKMARK [2][-]{subsection.8.16}{Weekly Blog Post 4/8 by Hayes, Brett}{section.8}% 72
\BOOKMARK [2][-]{subsection.8.17}{Weekly Blog Post 4/15 by Hayes, Brett}{section.8}% 73
\BOOKMARK [2][-]{subsection.8.18}{Weekly Blog Post 5/9 by Hayes, Brett}{section.8}% 74
\BOOKMARK [2][-]{subsection.8.19}{Weekly Blog Post 5/15 by Hayes, Brett}{section.8}% 75
\BOOKMARK [2][-]{subsection.8.20}{Weekly Blog Post 5/27 by Hayes, Brett}{section.8}% 76
\BOOKMARK [1][-]{section.9}{Project Documentation}{}% 77
\BOOKMARK [2][-]{subsection.9.1}{How Does Your Project Work?}{section.9}% 78
\BOOKMARK [2][-]{subsection.9.2}{How Does One Install the Project?}{section.9}% 79
\BOOKMARK [2][-]{subsection.9.3}{How Does One Run the Program?}{section.9}% 80
\BOOKMARK [2][-]{subsection.9.4}{Are There Any Special Hardware, OS, or Runtime Requirements to Run Your Project?}{section.9}% 81
\BOOKMARK [1][-]{section.10}{How Did You Learn New Technology?}{}% 82
\BOOKMARK [2][-]{subsection.10.1}{What websites were helpful? \(Listed in order of helpfulness.\)}{section.10}% 83
\BOOKMARK [2][-]{subsection.10.2}{What, If Any, Reference Books Really Helped?}{section.10}% 84
\BOOKMARK [2][-]{subsection.10.3}{Were There Any People on Campus That Were Really Helpful?}{section.10}% 85
\BOOKMARK [1][-]{section.11}{What Did You Learn From This? \(Dylan Camus\)}{}% 86
\BOOKMARK [2][-]{subsection.11.1}{What Technical Information Did You Learn?}{section.11}% 87
\BOOKMARK [2][-]{subsection.11.2}{What Non-Technical Information Did You Learn?}{section.11}% 88
\BOOKMARK [2][-]{subsection.11.3}{What Have You Learned About Project Work?}{section.11}% 89
\BOOKMARK [2][-]{subsection.11.4}{What Have You Learned About Project Management?}{section.11}% 90
\BOOKMARK [2][-]{subsection.11.5}{What Have You Learned About Working in Teams?}{section.11}% 91
\BOOKMARK [2][-]{subsection.11.6}{If You Could Do It All over, What Would You Do Differently?}{section.11}% 92
\BOOKMARK [1][-]{section.12}{What Did You Learn From This? \(Brett Hayes\)}{}% 93
\BOOKMARK [2][-]{subsection.12.1}{What Technical Information Did You Learn?}{section.12}% 94
\BOOKMARK [2][-]{subsection.12.2}{What Non-Technical Information Did You Learn?}{section.12}% 95
\BOOKMARK [2][-]{subsection.12.3}{What Have You Learned About Project Work?}{section.12}% 96
\BOOKMARK [2][-]{subsection.12.4}{What Have You Learned About Project Management?}{section.12}% 97
\BOOKMARK [2][-]{subsection.12.5}{What Have You Learned About Working in Teams?}{section.12}% 98
\BOOKMARK [2][-]{subsection.12.6}{If You Could Do It All over, What Would You Do Differently?}{section.12}% 99
\BOOKMARK [1][-]{section.13}{What Did You Learn From This? \(Joseph Cronise\)}{}% 100
\BOOKMARK [2][-]{subsection.13.1}{What Technical Information Did You Learn?}{section.13}% 101
\BOOKMARK [2][-]{subsection.13.2}{What Non-Technical Information Did You Learn?}{section.13}% 102
\BOOKMARK [2][-]{subsection.13.3}{What Have You Learned About Project Work?}{section.13}% 103
\BOOKMARK [2][-]{subsection.13.4}{What Have You Learned About Project Management?}{section.13}% 104
\BOOKMARK [2][-]{subsection.13.5}{What Have You Learned About Working in Teams?}{section.13}% 105
\BOOKMARK [2][-]{subsection.13.6}{If You Could Do It All over, What Would You Do Differently?}{section.13}% 106
\BOOKMARK [1][-]{section.14}{Appendix 1: Essential Code Listings}{}% 107
\BOOKMARK [1][-]{section.15}{Appendix 2: Additional Photos}{}% 108
